<?xml version="1.0" encoding="UTF-8"?>
<testng-results skipped="0" failed="0" total="1" passed="1">
  <reporter-output>
  </reporter-output>
  <suite name="Default suite" duration-ms="109" started-at="2023-09-15T16:37:40Z" finished-at="2023-09-15T16:37:40Z">
    <groups>
    </groups>
    <test name="Default test" duration-ms="109" started-at="2023-09-15T16:37:40Z" finished-at="2023-09-15T16:37:40Z">
      <class name="org.test.Mainn">
        <test-method status="PASS" signature="test1()[pri:0, instance:org.test.Mainn@17f6480]" name="test1" duration-ms="35" started-at="2023-09-15T22:07:40Z" finished-at="2023-09-15T22:07:40Z">
          <reporter-output>
          </reporter-output>
        </test-method> <!-- test1 -->
      </class> <!-- org.test.Mainn -->
    </test> <!-- Default test -->
  </suite> <!-- Default suite -->
</testng-results>
